<?xml version="1.0" encoding="UTF-8"?>
<testsuite xmlns:xsi="http://www.w3.org/2001/XMLSchema-instance" xsi:noNamespaceSchemaLocation="https://maven.apache.org/surefire/maven-surefire-plugin/xsd/surefire-test-report-3.0.xsd" version="3.0" name="com.example.smarthome.SmartHomeControllerIntegrationTest" time="0.048" tests="7" errors="0" skipped="0" failures="0">
  <properties>
[...]
</properties>
  <testcase name="testNonExistentDevice" classname="com.example.smarthome.SmartHomeControllerIntegrationTest" time="0.016">
    <system-out><![CDATA[Registered device: Device{id='light-001', name='Living Room Light', type='LIGHT'}
Registered device: Device{id='thermo-001', name='Bedroom Thermostat', type='THERMOSTAT'}
Registered device: Device{id='camera-001', name='Front Door Camera', type='CAMERA'}
]]></system-out>
  </testcase>
  <testcase name="testLightControl" classname="com.example.smarthome.SmartHomeControllerIntegrationTest" time="0.009">
    <system-out><![CDATA[Registered device: Device{id='light-001', name='Living Room Light', type='LIGHT'}
Registered device: Device{id='thermo-001', name='Bedroom Thermostat', type='THERMOSTAT'}
Registered device: Device{id='camera-001', name='Front Door Camera', type='CAMERA'}
Light light-001 turned on
Light light-001 brightness set to 75
Light light-001 color set to warm white
Light light-001 turned off
]]></system-out>
  </testcase>
  <testcase name="testMultipleDevices" classname="com.example.smarthome.SmartHomeControllerIntegrationTest" time="0.001">
    <system-out><![CDATA[Registered device: Device{id='light-001', name='Living Room Light', type='LIGHT'}
Registered device: Device{id='thermo-001', name='Bedroom Thermostat', type='THERMOSTAT'}
Registered device: Device{id='camera-001', name='Front Door Camera', type='CAMERA'}
Registered device: Device{id='light-002', name='Kitchen Light', type='LIGHT'}
Light light-001 turned on
Light light-002 turned on
Light light-001 brightness set to 50
Light light-002 brightness set to 80
]]></system-out>
  </testcase>
  <testcase name="testTemperatureControl" classname="com.example.smarthome.SmartHomeControllerIntegrationTest" time="0.002">
    <system-out><![CDATA[Registered device: Device{id='light-001', name='Living Room Light', type='LIGHT'}
Registered device: Device{id='thermo-001', name='Bedroom Thermostat', type='THERMOSTAT'}
Registered device: Device{id='camera-001', name='Front Door Camera', type='CAMERA'}
Thermostat thermo-001 target temperature set to 22.5°C
]]></system-out>
  </testcase>
  <testcase name="testCompleteSmartHomeScenario" classname="com.example.smarthome.SmartHomeControllerIntegrationTest" time="0.001">
    <system-out><![CDATA[Registered device: Device{id='light-001', name='Living Room Light', type='LIGHT'}
Registered device: Device{id='thermo-001', name='Bedroom Thermostat', type='THERMOSTAT'}
Registered device: Device{id='camera-001', name='Front Door Camera', type='CAMERA'}
Light light-001 turned on
Light light-001 brightness set to 60
Thermostat thermo-001 target temperature set to 21.0°C
Camera camera-001 took snapshot: snapshot_camera-001_1.jpg
Light light-001 brightness set to 30
Light light-001 color set to warm white
Thermostat thermo-001 target temperature set to 19.0°C
Camera camera-001 started recording
]]></system-out>
  </testcase>
  <testcase name="testInvalidDeviceOperations" classname="com.example.smarthome.SmartHomeControllerIntegrationTest" time="0.001">
    <system-out><![CDATA[Registered device: Device{id='light-001', name='Living Room Light', type='LIGHT'}
Registered device: Device{id='thermo-001', name='Bedroom Thermostat', type='THERMOSTAT'}
Registered device: Device{id='camera-001', name='Front Door Camera', type='CAMERA'}
]]></system-out>
  </testcase>
  <testcase name="testSecurityCameraControl" classname="com.example.smarthome.SmartHomeControllerIntegrationTest" time="0.001">
    <system-out><![CDATA[Registered device: Device{id='light-001', name='Living Room Light', type='LIGHT'}
Registered device: Device{id='thermo-001', name='Bedroom Thermostat', type='THERMOSTAT'}
Registered device: Device{id='camera-001', name='Front Door Camera', type='CAMERA'}
Camera camera-001 started recording
Camera camera-001 took snapshot: snapshot_camera-001_1.jpg
Camera camera-001 took snapshot: snapshot_camera-001_2.jpg
Camera camera-001 stopped recording
]]></system-out>
  </testcase>
</testsuite>